[19Dec2024 00:00:52.579] [Server thread/INFO] [net.minecraft.server.MinecraftServer/]: Dev has made the advancement [Cover Me with Diamonds]
[19Dec2024 00:00:52.660] [Render thread/INFO] [net.minecraft.client.gui.components.ChatComponent/]: [System] [CHAT] Dev has made the advancement [Cover Me with Diamonds]
[19Dec2024 00:00:52.661] [Render thread/INFO] [net.minecraft.advancements.AdvancementList/]: Loaded 114 advancements
[19Dec2024 00:04:28.959] [Server thread/INFO] [net.minecraft.server.MinecraftServer/]: [Dev: Applied effect Strength to Dev]
[19Dec2024 00:04:28.967] [Render thread/INFO] [net.minecraft.client.gui.components.ChatComponent/]: [System] [CHAT] Applied effect Strength to Dev
[19Dec2024 00:05:23.097] [Server thread/INFO] [net.minecraft.client.server.IntegratedServer/]: Saving and pausing game...
[19Dec2024 00:05:23.109] [Server thread/INFO] [net.minecraft.server.MinecraftServer/]: Saving chunks for level 'ServerLevel[New World]'/minecraft:overworld
[19Dec2024 00:05:23.118] [Server thread/INFO] [net.minecraft.server.MinecraftServer/]: Saving chunks for level 'ServerLevel[New World]'/minecraft:the_end
[19Dec2024 00:05:23.119] [Server thread/INFO] [net.minecraft.server.MinecraftServer/]: Saving chunks for level 'ServerLevel[New World]'/minecraft:the_nether
[19Dec2024 00:05:48.501] [Render thread/INFO] [net.minecraft.advancements.AdvancementList/]: Loaded 114 advancements
[19Dec2024 00:06:03.713] [Server thread/WARN] [net.minecraft.world.level.entity.PersistentEntitySectionManager/]: UUID of added entity already exists: Fox['Fox'/10915, l='ServerLevel[New World]', x=1276.33, y=112.00, z=1836.67]
[19Dec2024 00:06:57.924] [Server thread/WARN] [net.minecraft.world.level.entity.PersistentEntitySectionManager/]: UUID of added entity already exists: Fox['Fox'/11353, l='ServerLevel[New World]', x=1206.29, y=137.00, z=1983.65]
[19Dec2024 00:07:26.596] [Server thread/INFO] [net.minecraft.world.entity.npc.Villager/]: Villager Villager['Villager'/11768, l='ServerLevel[New World]', x=1409.15, y=111.00, z=2080.39] died, message: 'Villager was slain by Dev'
[19Dec2024 00:07:26.602] [Render thread/INFO] [net.minecraft.world.entity.npc.Villager/]: Villager Villager['Villager'/11768, l='ClientLevel', x=1408.81, y=111.12, z=2080.39] died, message: 'Villager died'
[19Dec2024 00:07:50.748] [Render thread/WARN] [net.minecraft.world.level.entity.EntityLookup/]: Duplicate entity UUID 64b38951-3bd6-4207-b53c-9692354e8d56: Villager['Villager'/11026, l='ClientLevel', x=1455.23, y=112.00, z=1972.18]
[19Dec2024 00:07:50.952] [Render thread/WARN] [net.minecraft.world.level.entity.EntityLookup/]: Duplicate entity UUID 64b38951-3bd6-4207-b53c-9692354e8d56: Villager['Villager'/11031, l='ClientLevel', x=1456.53, y=112.00, z=1972.35]
[19Dec2024 00:08:00.712] [Render thread/WARN] [net.minecraft.world.level.entity.EntityLookup/]: Duplicate entity UUID 64b38951-3bd6-4207-b53c-9692354e8d56: Villager['Villager'/11104, l='ClientLevel', x=1456.06, y=112.00, z=1970.05]
[19Dec2024 00:08:03.880] [Server thread/WARN] [net.minecraft.world.level.entity.PersistentEntitySectionManager/]: UUID of added entity already exists: Fox['Fox'/12123, l='ServerLevel[New World]', x=1298.71, y=112.00, z=1827.25]
[19Dec2024 00:08:03.880] [Server thread/WARN] [net.minecraft.world.level.entity.PersistentEntitySectionManager/]: UUID of added entity already exists: Fox['Fox'/12124, l='ServerLevel[New World]', x=1300.38, y=112.00, z=1839.62]
[19Dec2024 00:08:03.881] [Server thread/WARN] [net.minecraft.world.level.entity.PersistentEntitySectionManager/]: UUID of added entity already exists: Fox['Fox'/12127, l='ServerLevel[New World]', x=1277.36, y=112.00, z=1833.57]
[19Dec2024 00:08:03.881] [Server thread/WARN] [net.minecraft.world.level.entity.PersistentEntitySectionManager/]: UUID of added entity already exists: Fox['Fox'/12128, l='ServerLevel[New World]', x=1285.91, y=112.00, z=1829.52]
[19Dec2024 00:08:04.850] [Render thread/WARN] [net.minecraft.world.level.entity.EntityLookup/]: Duplicate entity UUID 64b38951-3bd6-4207-b53c-9692354e8d56: Villager['Villager'/11273, l='ClientLevel', x=1500.87, y=110.00, z=2024.51]
[19Dec2024 00:08:11.952] [Render thread/WARN] [net.minecraft.world.level.entity.EntityLookup/]: Duplicate entity UUID 64b38951-3bd6-4207-b53c-9692354e8d56: Villager['Villager'/11260, l='ClientLevel', x=1518.17, y=108.00, z=2016.62]
[19Dec2024 00:08:13.352] [Render thread/WARN] [net.minecraft.world.level.entity.EntityLookup/]: Duplicate entity UUID 64b38951-3bd6-4207-b53c-9692354e8d56: Villager['Villager'/11258, l='ClientLevel', x=1530.34, y=107.00, z=2024.47]
[19Dec2024 00:09:54.062] [Render thread/WARN] [net.minecraft.world.level.entity.EntityLookup/]: Duplicate entity UUID 64b38951-3bd6-4207-b53c-9692354e8d56: Villager['Villager'/11065, l='ClientLevel', x=1418.75, y=114.00, z=1999.75]
[19Dec2024 00:10:11.021] [Render thread/WARN] [net.minecraft.world.level.entity.EntityLookup/]: Duplicate entity UUID 64b38951-3bd6-4207-b53c-9692354e8d56: Villager['Villager'/11065, l='ClientLevel', x=1423.30, y=110.75, z=2010.88]
[19Dec2024 00:10:23.049] [Render thread/WARN] [net.minecraft.client.sounds.SoundEngine/SOUNDS]: Unable to play empty soundEvent: minecraft:entity.tropical_fish.ambient
[19Dec2024 00:10:30.646] [Server thread/INFO] [net.minecraft.client.server.IntegratedServer/]: Saving and pausing game...
[19Dec2024 00:10:30.658] [Server thread/INFO] [net.minecraft.server.MinecraftServer/]: Saving chunks for level 'ServerLevel[New World]'/minecraft:overworld
[19Dec2024 00:10:30.666] [Server thread/INFO] [net.minecraft.server.MinecraftServer/]: Saving chunks for level 'ServerLevel[New World]'/minecraft:the_end
[19Dec2024 00:10:30.668] [Server thread/INFO] [net.minecraft.server.MinecraftServer/]: Saving chunks for level 'ServerLevel[New World]'/minecraft:the_nether
[19Dec2024 00:10:58.980] [Render thread/WARN] [net.minecraft.world.level.entity.EntityLookup/]: Duplicate entity UUID 64b38951-3bd6-4207-b53c-9692354e8d56: Villager['Villager'/11146, l='ClientLevel', x=1429.36, y=110.00, z=1944.69]
[19Dec2024 00:10:59.329] [Render thread/WARN] [net.minecraft.world.level.entity.EntityLookup/]: Duplicate entity UUID 64b38951-3bd6-4207-b53c-9692354e8d56: Villager['Villager'/11146, l='ClientLevel', x=1429.36, y=110.00, z=1944.69]
[19Dec2024 00:11:03.031] [Render thread/WARN] [net.minecraft.world.level.entity.EntityLookup/]: Duplicate entity UUID 64b38951-3bd6-4207-b53c-9692354e8d56: Villager['Villager'/11146, l='ClientLevel', x=1427.42, y=109.00, z=1938.15]
[19Dec2024 00:11:03.977] [Render thread/WARN] [net.minecraft.world.level.entity.EntityLookup/]: Duplicate entity UUID 64b38951-3bd6-4207-b53c-9692354e8d56: Villager['Villager'/11146, l='ClientLevel', x=1426.62, y=109.00, z=1936.05]
[19Dec2024 00:11:29.207] [Render thread/INFO] [net.minecraft.advancements.AdvancementList/]: Loaded 114 advancements
[19Dec2024 00:11:46.511] [Render thread/WARN] [net.minecraft.client.sounds.SoundEngine/SOUNDS]: Unable to play empty soundEvent: minecraft:entity.salmon.ambient
[19Dec2024 00:11:47.005] [Render thread/INFO] [net.minecraft.advancements.AdvancementList/]: Loaded 114 advancements
[19Dec2024 00:12:04.707] [Render thread/INFO] [net.minecraft.advancements.AdvancementList/]: Loaded 114 advancements
[19Dec2024 00:12:44.578] [Server thread/INFO] [net.minecraft.server.MinecraftServer/]: Dev has reached the goal [You Need a Mint]
[19Dec2024 00:12:44.580] [Render thread/INFO] [net.minecraft.client.gui.components.ChatComponent/]: [System] [CHAT] Dev has reached the goal [You Need a Mint]
[19Dec2024 00:12:44.605] [Render thread/INFO] [net.minecraft.advancements.AdvancementList/]: Loaded 114 advancements
[19Dec2024 00:13:04.919] [Server thread/INFO] [net.minecraft.server.MinecraftServer/]: [Dev: Removed every effect from Dev]
[19Dec2024 00:13:04.928] [Render thread/INFO] [net.minecraft.client.gui.components.ChatComponent/]: [System] [CHAT] Removed every effect from Dev
[19Dec2024 00:15:50.845] [Server thread/INFO] [net.minecraft.client.server.IntegratedServer/]: Saving and pausing game...
[19Dec2024 00:15:50.856] [Server thread/INFO] [net.minecraft.server.MinecraftServer/]: Saving chunks for level 'ServerLevel[New World]'/minecraft:overworld
[19Dec2024 00:15:50.863] [Server thread/INFO] [net.minecraft.server.MinecraftServer/]: Saving chunks for level 'ServerLevel[New World]'/minecraft:the_end
[19Dec2024 00:15:50.864] [Server thread/INFO] [net.minecraft.server.MinecraftServer/]: Saving chunks for level 'ServerLevel[New World]'/minecraft:the_nether
[19Dec2024 00:17:02.488] [Render thread/INFO] [net.minecraft.client.Minecraft/]: Stopping!
[19Dec2024 00:17:02.561] [Server thread/INFO] [net.minecraft.server.network.ServerGamePacketListenerImpl/]: Dev lost connection: Disconnected
[19Dec2024 00:17:02.561] [Server thread/INFO] [net.minecraft.server.MinecraftServer/]: Dev left the game
[19Dec2024 00:17:02.574] [Server thread/INFO] [net.minecraft.server.network.ServerGamePacketListenerImpl/]: Stopping singleplayer server as player logged out
[19Dec2024 00:17:02.614] [Server thread/INFO] [net.minecraft.server.MinecraftServer/]: Stopping server
[19Dec2024 00:17:02.614] [Server thread/INFO] [net.minecraft.server.MinecraftServer/]: Saving players
[19Dec2024 00:17:02.614] [Server thread/INFO] [net.minecraft.server.MinecraftServer/]: Saving worlds
[19Dec2024 00:17:02.925] [Server thread/INFO] [net.minecraft.server.MinecraftServer/]: Saving chunks for level 'ServerLevel[New World]'/minecraft:overworld
[19Dec2024 00:17:03.247] [Server thread/INFO] [net.minecraft.server.MinecraftServer/]: Saving chunks for level 'ServerLevel[New World]'/minecraft:the_end
[19Dec2024 00:17:03.254] [Server thread/INFO] [net.minecraft.server.MinecraftServer/]: Saving chunks for level 'ServerLevel[New World]'/minecraft:the_nether
[19Dec2024 00:17:03.271] [Server thread/INFO] [net.minecraft.server.MinecraftServer/]: ThreadedAnvilChunkStorage (New World): All chunks are saved
[19Dec2024 00:17:03.271] [Server thread/INFO] [net.minecraft.server.MinecraftServer/]: ThreadedAnvilChunkStorage (DIM1): All chunks are saved
[19Dec2024 00:17:03.271] [Server thread/INFO] [net.minecraft.server.MinecraftServer/]: ThreadedAnvilChunkStorage (DIM-1): All chunks are saved
[19Dec2024 00:17:03.272] [Server thread/INFO] [net.minecraft.server.MinecraftServer/]: ThreadedAnvilChunkStorage: All dimensions are saved
